<?xml version="1.0" encoding="UTF-8" ?>
<testsuite tests="14" failures="0" name="com.mios.ws.dao.UserDaoTest" time="1.112" errors="0" skipped="0">
  <properties>
[...]
</properties>
  <testcase classname="com.mios.ws.dao.UserDaoTest" name="testSaveList" time="0.265"/>
  <testcase classname="com.mios.ws.dao.UserDaoTest" name="testFindAll" time="0.078"/>
  <testcase classname="com.mios.ws.dao.UserDaoTest" name="testSave" time="0.058"/>
  <testcase classname="com.mios.ws.dao.UserDaoTest" name="testFindUniqueByProperty" time="0.067"/>
  <testcase classname="com.mios.ws.dao.UserDaoTest" name="testFindForPageByHql" time="0.1"/>
  <testcase classname="com.mios.ws.dao.UserDaoTest" name="testFindUniqueByHql" time="0.059"/>
  <testcase classname="com.mios.ws.dao.UserDaoTest" name="testFindByProperty" time="0.057"/>
  <testcase classname="com.mios.ws.dao.UserDaoTest" name="testUpdate2" time="0.069"/>
  <testcase classname="com.mios.ws.dao.UserDaoTest" name="testFindById" time="0.055"/>
  <testcase classname="com.mios.ws.dao.UserDaoTest" name="testDeleteById" time="0.067"/>
  <testcase classname="com.mios.ws.dao.UserDaoTest" name="testFindByHql" time="0.058"/>
  <testcase classname="com.mios.ws.dao.UserDaoTest" name="testFindForListByHql" time="0.067"/>
  <testcase classname="com.mios.ws.dao.UserDaoTest" name="testUpdate" time="0.052"/>
  <testcase classname="com.mios.ws.dao.UserDaoTest" name="testSaveOrUpdate" time="0.06"/>
</testsuite>